<?xml version="1.0" encoding="utf-8"?><testsuites name="pytest tests"><testsuite name="pytest" errors="0" failures="0" skipped="0" tests="35" time="0.137" timestamp="2026-09-25T01:31:15.659352+00:00" hostname="servidorUbuntu"><testcase classname="tests.test_api" name="test_crud" time="0.004" /><testcase classname="tests.test_api" name="test_invalid_create[None]" time="0.001" /><testcase classname="tests.test_api" name="test_invalid_create[payload1]" time="0.001" /><testcase classname="tests.test_api" name="test_invalid_create[payload2]" time="0.001" /><testcase classname="tests.test_api" name="test_invalid_create[payload3]" time="0.001" /><testcase classname="tests.test_api" name="test_invalid_create[payload4]" time="0.001" /><testcase classname="tests.test_api" name="test_invalid_create[payload5]" time="0.001" /><testcase classname="tests.test_api" name="test_invalid_create[payload6]" time="0.001" /><testcase classname="tests.test_api" name="test_invalid_create[payload7]" time="0.001" /><testcase classname="tests.test_api" name="test_invalid_create[payload8]" time="0.003" /><testcase classname="tests.test_api" name="test_invalid_create[payload9]" time="0.001" /><testcase classname="tests.test_api" name="test_missing[get]" time="0.001" /><testcase classname="tests.test_api" name="test_missing[put]" time="0.001" /><testcase classname="tests.test_api" name="test_missing[delete]" time="0.001" /><testcase classname="tests.test_api" name="test_delete_all_and_create" time="0.002" /><testcase classname="tests.test_api" name="test_ids_not_reused" time="0.001" /><testcase classname="tests.test_api" name="test_sql_string_is_data" time="0.001" /><testcase classname="tests.test_api" name="test_memory_restart" time="0.002" /><testcase classname="tests.test_api" name="test_malformed_json" time="0.001" /><testcase classname="tests.test_api" name="test_unknown_route_json" time="0.001" /><testcase classname="tests.test_api" name="test_reject_empty_update" time="0.001" /><testcase classname="tests.test_api" name="test_health" time="0.002" /><testcase classname="tests.test_mysql_failure" name="test_database_unavailable_returns_503_without_details" time="0.001" /><testcase classname="tests.test_ubidots" name="test_five_variables" time="0.000" /><testcase classname="tests.test_ubidots" name="test_request_contract" time="0.000" /><testcase classname="tests.test_ubidots" name="test_reject_http_errors[301]" time="0.000" /><testcase classname="tests.test_ubidots" name="test_reject_http_errors[400]" time="0.000" /><testcase classname="tests.test_ubidots" name="test_reject_http_errors[401]" time="0.000" /><testcase classname="tests.test_ubidots" name="test_reject_http_errors[403]" time="0.000" /><testcase classname="tests.test_ubidots" name="test_reject_http_errors[429]" time="0.000" /><testcase classname="tests.test_ubidots" name="test_reject_http_errors[500]" time="0.000" /><testcase classname="tests.test_ubidots" name="test_reject_partial_failure" time="0.000" /><testcase classname="tests.test_ubidots" name="test_no_token_to_untrusted_destination[http://industrial.api.ubidots.com]" time="0.000" /><testcase classname="tests.test_ubidots" name="test_no_token_to_untrusted_destination[https://example.com]" time="0.000" /><testcase classname="tests.test_ubidots" name="test_invalid_device" time="0.000" /></testsuite></testsuites>